2016-03-11 16:49:14  [ main:0 ] - [ INFO ]  start jetty-server ......
2016-03-11 16:49:14  [ main:16 ] - [ INFO ]  begin initialization QueuedThreadPool ......
2016-03-11 16:49:14  [ main:16 ] - [ INFO ]  begin initialization SelectChannelConnector ......
2016-03-11 16:49:14  [ main:32 ] - [ INFO ]  Logging to org.slf4j.impl.Log4jLoggerAdapter(org.mortbay.log) via org.mortbay.log.Slf4jLog
2016-03-11 16:49:14  [ main:32 ] - [ INFO ]  begin initialization Server ......
2016-03-11 16:49:14  [ main:32 ] - [ INFO ]  begin initialization WebAppContext ......
2016-03-11 16:49:14  [ main:32 ] - [ INFO ]   initialization app-root '/paas-wdev=src/main/webapp' ...... 
2016-03-11 16:49:14  [ main:63 ] - [ INFO ]  begin start server ......
2016-03-11 16:49:14  [ main:63 ] - [ INFO ]  jetty-6.1.26
2016-03-11 16:49:14  [ main:454 ] - [ INFO ]  Initializing Spring FrameworkServlet 'spring'
2016-03-11 16:49:14  [ main:454 ] - [ INFO ]  FrameworkServlet 'spring': initialization started
2016-03-11 16:49:14  [ main:469 ] - [ INFO ]  Refreshing WebApplicationContext for namespace 'spring-servlet': startup date [Fri Mar 11 16:49:14 CST 2016]; root of context hierarchy
2016-03-11 16:49:14  [ main:500 ] - [ INFO ]  Loading XML bean definitions from ServletContext resource [/WEB-INF/spring-servlet.xml]
2016-03-11 16:49:15  [ main:610 ] - [ INFO ]  Loading XML bean definitions from class path resource [spring-context.xml]
2016-03-11 16:49:15  [ main:641 ] - [ INFO ]  Loading XML bean definitions from class path resource [spring-dubbo-client.xml]
2016-03-11 16:49:15  [ main:719 ] - [ INFO ]  Loading XML bean definitions from class path resource [spring-sso-client.xml]
2016-03-11 16:49:15  [ main:751 ] - [ INFO ]  Loading XML bean definitions from class path resource [spring/spring-sso-client.xml]
2016-03-11 16:49:15  [ main:798 ] - [ INFO ]  JSR-250 'javax.annotation.ManagedBean' found and supported for component scanning
2016-03-11 16:49:15  [ main:830 ] - [ INFO ]  Loading XML bean definitions from class path resource [spring/spring-paas-frame.xml]
2016-03-11 16:49:15  [ main:830 ] - [ INFO ]  JSR-250 'javax.annotation.ManagedBean' found and supported for component scanning
2016-03-11 16:49:15  [ main:861 ] - [ INFO ]  Loading XML bean definitions from class path resource [spring/spring-paas-wdev.xml]
2016-03-11 16:49:15  [ main:892 ] - [ INFO ]  JSR-250 'javax.annotation.ManagedBean' found and supported for component scanning
2016-03-11 16:49:15  [ main:1048 ] - [ INFO ]  Loading properties file from class path resource [project.properties]
2016-03-11 16:49:15  [ main:1080 ] - [ INFO ]  Pre-instantiating singletons in org.springframework.beans.factory.support.DefaultListableBeanFactory@80c43b: defining beans [viewResolver,org.springframework.web.servlet.handler.SimpleMappingExceptionResolver#0,multipartResolver,org.springframework.beans.factory.config.PropertyPlaceholderConfigurer#0,com.binary.framework.util.FrameworkProperties#0,DubboRestClient_SYS,DubboRestClient_DEV,DubboRestClient_DEP,DubboxRest_SysFrameSvc,DubboxRest_MerchentSvc,DubboxRest_SysOpOrgSvc,DubboxRest_SysOpRoleSvc,DubboxRest_SysOrgSvc,DubboxRest_SysRoleSvc,DubboxRest_SysOpSvc,DubboxRest_PcCompRoomSvc,DubboxRest_PcDataCenterSvc,DubboxRest_PcResCenterSvc,DubboxRest_PsResCenterResSvc,DubboxRest_PcNetZoneSvc,DubboxRest_PcBuildSvc,DubboxRest_PcBuildTaskSvc,DubboxRest_PcImageSvc,DubboxRest_PcProductSvc,DubboxRest_PcProjectSvc,DubboxRest_VcMntRepositoryApplySvc,org.springframework.context.annotation.internalConfigurationAnnotationProcessor,org.springframework.context.annotation.internalAutowiredAnnotationProcessor,org.springframework.context.annotation.internalRequiredAnnotationProcessor,org.springframework.context.annotation.internalCommonAnnotationProcessor,com.binary.sso.client.auth.SsoClientAuthMvc#0,com.aic.paas.frame.cross.integration.PaasWebSsoUserLoginListener#0,com.binary.sso.client.SsoClientConfiguration#0,dropListMvc,indexMvc,moduMvc,tmpFileMvc,treeListMvc,com.aic.paas.frame.cross.peer.impl.SysAuthResPeerImpl#0,com.aic.paas.frame.cross.peer.impl.SysFramePeerImpl#0,com.aic.paas.frame.util.SysFrameUtil#0,com.aic.paas.frame.cross.integration.PaasSsoUserLoginListener#0,dispatchMvc,mntUserMvc,pcBuildMvc,pcBuildTaskMvc,pcImageMvc,pcProductMvc,pcProjectMvc,psResMvc,com.aic.paas.wdev.peer.impl.PcProductPeerImpl#0,com.aic.paas.wdev.peer.impl.PcProjectPeerImpl#0,com.aic.paas.wdev.peer.impl.PcBuildPeerImpl#0,com.aic.paas.wdev.peer.impl.PcBuildTaskPeerImpl#0,com.aic.paas.wdev.peer.impl.PcImagePeerImpl#0,com.aic.paas.wdev.peer.impl.UserAuthenticationPeerImpl#0,com.aic.paas.wdev.peer.impl.PcDataCenterPeerImpl#0,com.aic.paas.wdev.peer.impl.PcResCenterPeerImpl#0,com.aic.paas.wdev.peer.impl.PsResPeerImpl#0,com.aic.paas.wdev.peer.impl.MntUserPeerImpl#0,org.springframework.context.annotation.ConfigurationClassPostProcessor.importAwareProcessor]; root of factory hierarchy
2016-03-11 16:49:15  [ main:1345 ] - [ INFO ]  Mapped URL path [/sso/client/auth/verifyLogin] onto handler 'com.binary.sso.client.auth.SsoClientAuthMvc#0'
2016-03-11 16:49:15  [ main:1345 ] - [ INFO ]  Mapped URL path [/sso/client/auth/verifyLogin.*] onto handler 'com.binary.sso.client.auth.SsoClientAuthMvc#0'
2016-03-11 16:49:15  [ main:1345 ] - [ INFO ]  Mapped URL path [/sso/client/auth/verifyLogin/] onto handler 'com.binary.sso.client.auth.SsoClientAuthMvc#0'
2016-03-11 16:49:15  [ main:1345 ] - [ INFO ]  Mapped URL path [/sso/client/auth/notLogin] onto handler 'com.binary.sso.client.auth.SsoClientAuthMvc#0'
2016-03-11 16:49:15  [ main:1345 ] - [ INFO ]  Mapped URL path [/sso/client/auth/notLogin.*] onto handler 'com.binary.sso.client.auth.SsoClientAuthMvc#0'
2016-03-11 16:49:15  [ main:1345 ] - [ INFO ]  Mapped URL path [/sso/client/auth/notLogin/] onto handler 'com.binary.sso.client.auth.SsoClientAuthMvc#0'
2016-03-11 16:49:15  [ main:1345 ] - [ INFO ]  Mapped URL path [/sso/client/auth/ssoCallback] onto handler 'com.binary.sso.client.auth.SsoClientAuthMvc#0'
2016-03-11 16:49:15  [ main:1345 ] - [ INFO ]  Mapped URL path [/sso/client/auth/ssoCallback.*] onto handler 'com.binary.sso.client.auth.SsoClientAuthMvc#0'
2016-03-11 16:49:15  [ main:1345 ] - [ INFO ]  Mapped URL path [/sso/client/auth/ssoCallback/] onto handler 'com.binary.sso.client.auth.SsoClientAuthMvc#0'
2016-03-11 16:49:15  [ main:1345 ] - [ INFO ]  Mapped URL path [/sys/frame/cross/drop/getDropListBatchSingle] onto handler 'dropListMvc'
2016-03-11 16:49:15  [ main:1345 ] - [ INFO ]  Mapped URL path [/sys/frame/cross/drop/getDropListBatchSingle.*] onto handler 'dropListMvc'
2016-03-11 16:49:15  [ main:1345 ] - [ INFO ]  Mapped URL path [/sys/frame/cross/drop/getDropListBatchSingle/] onto handler 'dropListMvc'
2016-03-11 16:49:15  [ main:1345 ] - [ INFO ]  Mapped URL path [/sys/frame/cross/drop/getDropListBatch] onto handler 'dropListMvc'
2016-03-11 16:49:15  [ main:1345 ] - [ INFO ]  Mapped URL path [/sys/frame/cross/drop/getDropListBatch.*] onto handler 'dropListMvc'
2016-03-11 16:49:15  [ main:1345 ] - [ INFO ]  Mapped URL path [/sys/frame/cross/drop/getDropListBatch/] onto handler 'dropListMvc'
2016-03-11 16:49:15  [ main:1345 ] - [ INFO ]  Mapped URL path [/sys/frame/cross/drop/getDropList] onto handler 'dropListMvc'
2016-03-11 16:49:15  [ main:1345 ] - [ INFO ]  Mapped URL path [/sys/frame/cross/drop/getDropList.*] onto handler 'dropListMvc'
2016-03-11 16:49:15  [ main:1345 ] - [ INFO ]  Mapped URL path [/sys/frame/cross/drop/getDropList/] onto handler 'dropListMvc'
2016-03-11 16:49:15  [ main:1345 ] - [ INFO ]  Root mapping to handler 'indexMvc'
2016-03-11 16:49:15  [ main:1345 ] - [ INFO ]  Mapped URL path [/sys/frame/cross/modu/openModuleByCode] onto handler 'moduMvc'
2016-03-11 16:49:15  [ main:1345 ] - [ INFO ]  Mapped URL path [/sys/frame/cross/modu/openModuleByCode.*] onto handler 'moduMvc'
2016-03-11 16:49:15  [ main:1345 ] - [ INFO ]  Mapped URL path [/sys/frame/cross/modu/openModuleByCode/] onto handler 'moduMvc'
2016-03-11 16:49:15  [ main:1345 ] - [ INFO ]  Mapped URL path [/sys/frame/cross/modu/openModuleById] onto handler 'moduMvc'
2016-03-11 16:49:15  [ main:1345 ] - [ INFO ]  Mapped URL path [/sys/frame/cross/modu/openModuleById.*] onto handler 'moduMvc'
2016-03-11 16:49:15  [ main:1345 ] - [ INFO ]  Mapped URL path [/sys/frame/cross/modu/openModuleById/] onto handler 'moduMvc'
2016-03-11 16:49:15  [ main:1345 ] - [ INFO ]  Mapped URL path [/sys/frame/cross/modu/getMenuTree] onto handler 'moduMvc'
2016-03-11 16:49:15  [ main:1345 ] - [ INFO ]  Mapped URL path [/sys/frame/cross/modu/getMenuTree.*] onto handler 'moduMvc'
2016-03-11 16:49:15  [ main:1345 ] - [ INFO ]  Mapped URL path [/sys/frame/cross/modu/getMenuTree/] onto handler 'moduMvc'
2016-03-11 16:49:15  [ main:1345 ] - [ INFO ]  Mapped URL path [/sys/frame/cross/tmpfile/upload] onto handler 'tmpFileMvc'
2016-03-11 16:49:15  [ main:1345 ] - [ INFO ]  Mapped URL path [/sys/frame/cross/tmpfile/upload.*] onto handler 'tmpFileMvc'
2016-03-11 16:49:15  [ main:1345 ] - [ INFO ]  Mapped URL path [/sys/frame/cross/tmpfile/upload/] onto handler 'tmpFileMvc'
2016-03-11 16:49:15  [ main:1345 ] - [ INFO ]  Mapped URL path [/dispatch/mc/**] onto handler 'dispatchMvc'
2016-03-11 16:49:15  [ main:1345 ] - [ INFO ]  Mapped URL path [/dispatch/mc/**.*] onto handler 'dispatchMvc'
2016-03-11 16:49:15  [ main:1345 ] - [ INFO ]  Mapped URL path [/dispatch/mc/**/] onto handler 'dispatchMvc'
2016-03-11 16:49:15  [ main:1345 ] - [ INFO ]  Mapped URL path [/dispatch/mi/**] onto handler 'dispatchMvc'
2016-03-11 16:49:15  [ main:1345 ] - [ INFO ]  Mapped URL path [/dispatch/mi/**.*] onto handler 'dispatchMvc'
2016-03-11 16:49:15  [ main:1345 ] - [ INFO ]  Mapped URL path [/dispatch/mi/**/] onto handler 'dispatchMvc'
2016-03-11 16:49:15  [ main:1345 ] - [ INFO ]  Mapped URL path [/mnt/user/queryOpPage] onto handler 'mntUserMvc'
2016-03-11 16:49:15  [ main:1345 ] - [ INFO ]  Mapped URL path [/mnt/user/queryOpPage.*] onto handler 'mntUserMvc'
2016-03-11 16:49:15  [ main:1345 ] - [ INFO ]  Mapped URL path [/mnt/user/queryOpPage/] onto handler 'mntUserMvc'
2016-03-11 16:49:15  [ main:1361 ] - [ INFO ]  Mapped URL path [/dev/build/queryDefInfoPage] onto handler 'pcBuildMvc'
2016-03-11 16:49:15  [ main:1361 ] - [ INFO ]  Mapped URL path [/dev/build/queryDefInfoPage.*] onto handler 'pcBuildMvc'
2016-03-11 16:49:15  [ main:1361 ] - [ INFO ]  Mapped URL path [/dev/build/queryDefInfoPage/] onto handler 'pcBuildMvc'
2016-03-11 16:49:15  [ main:1361 ] - [ INFO ]  Mapped URL path [/dev/build/removeDefById] onto handler 'pcBuildMvc'
2016-03-11 16:49:15  [ main:1361 ] - [ INFO ]  Mapped URL path [/dev/build/removeDefById.*] onto handler 'pcBuildMvc'
2016-03-11 16:49:15  [ main:1361 ] - [ INFO ]  Mapped URL path [/dev/build/removeDefById/] onto handler 'pcBuildMvc'
2016-03-11 16:49:15  [ main:1361 ] - [ INFO ]  Mapped URL path [/dev/build/saveOrUpdateDef] onto handler 'pcBuildMvc'
2016-03-11 16:49:15  [ main:1361 ] - [ INFO ]  Mapped URL path [/dev/build/saveOrUpdateDef.*] onto handler 'pcBuildMvc'
2016-03-11 16:49:15  [ main:1361 ] - [ INFO ]  Mapped URL path [/dev/build/saveOrUpdateDef/] onto handler 'pcBuildMvc'
2016-03-11 16:49:15  [ main:1361 ] - [ INFO ]  Mapped URL path [/dev/build/queryDefInfoById] onto handler 'pcBuildMvc'
2016-03-11 16:49:15  [ main:1361 ] - [ INFO ]  Mapped URL path [/dev/build/queryDefInfoById.*] onto handler 'pcBuildMvc'
2016-03-11 16:49:15  [ main:1361 ] - [ INFO ]  Mapped URL path [/dev/build/queryDefInfoById/] onto handler 'pcBuildMvc'
2016-03-11 16:49:15  [ main:1361 ] - [ INFO ]  Mapped URL path [/dev/buildtask/saveOrUpdateBuildTask] onto handler 'pcBuildTaskMvc'
2016-03-11 16:49:15  [ main:1361 ] - [ INFO ]  Mapped URL path [/dev/buildtask/saveOrUpdateBuildTask.*] onto handler 'pcBuildTaskMvc'
2016-03-11 16:49:15  [ main:1361 ] - [ INFO ]  Mapped URL path [/dev/buildtask/saveOrUpdateBuildTask/] onto handler 'pcBuildTaskMvc'
2016-03-11 16:49:15  [ main:1361 ] - [ INFO ]  Mapped URL path [/dev/buildtask/queryBuildTaskInfoList] onto handler 'pcBuildTaskMvc'
2016-03-11 16:49:15  [ main:1361 ] - [ INFO ]  Mapped URL path [/dev/buildtask/queryBuildTaskInfoList.*] onto handler 'pcBuildTaskMvc'
2016-03-11 16:49:15  [ main:1361 ] - [ INFO ]  Mapped URL path [/dev/buildtask/queryBuildTaskInfoList/] onto handler 'pcBuildTaskMvc'
2016-03-11 16:49:15  [ main:1361 ] - [ INFO ]  Mapped URL path [/dev/image/queryDeployPageByImageId] onto handler 'pcImageMvc'
2016-03-11 16:49:15  [ main:1361 ] - [ INFO ]  Mapped URL path [/dev/image/queryDeployPageByImageId.*] onto handler 'pcImageMvc'
2016-03-11 16:49:15  [ main:1361 ] - [ INFO ]  Mapped URL path [/dev/image/queryDeployPageByImageId/] onto handler 'pcImageMvc'
2016-03-11 16:49:15  [ main:1361 ] - [ INFO ]  Mapped URL path [/dev/image/queryDefInfoPage] onto handler 'pcImageMvc'
2016-03-11 16:49:15  [ main:1361 ] - [ INFO ]  Mapped URL path [/dev/image/queryDefInfoPage.*] onto handler 'pcImageMvc'
2016-03-11 16:49:15  [ main:1361 ] - [ INFO ]  Mapped URL path [/dev/image/queryDefInfoPage/] onto handler 'pcImageMvc'
2016-03-11 16:49:15  [ main:1361 ] - [ INFO ]  Mapped URL path [/dev/image/removeDefById] onto handler 'pcImageMvc'
2016-03-11 16:49:15  [ main:1361 ] - [ INFO ]  Mapped URL path [/dev/image/removeDefById.*] onto handler 'pcImageMvc'
2016-03-11 16:49:15  [ main:1361 ] - [ INFO ]  Mapped URL path [/dev/image/removeDefById/] onto handler 'pcImageMvc'
2016-03-11 16:49:15  [ main:1361 ] - [ INFO ]  Mapped URL path [/dev/image/saveOrUpdateDef] onto handler 'pcImageMvc'
2016-03-11 16:49:15  [ main:1361 ] - [ INFO ]  Mapped URL path [/dev/image/saveOrUpdateDef.*] onto handler 'pcImageMvc'
2016-03-11 16:49:15  [ main:1361 ] - [ INFO ]  Mapped URL path [/dev/image/saveOrUpdateDef/] onto handler 'pcImageMvc'
2016-03-11 16:49:15  [ main:1361 ] - [ INFO ]  Mapped URL path [/dev/image/queryDefById] onto handler 'pcImageMvc'
2016-03-11 16:49:15  [ main:1361 ] - [ INFO ]  Mapped URL path [/dev/image/queryDefById.*] onto handler 'pcImageMvc'
2016-03-11 16:49:15  [ main:1361 ] - [ INFO ]  Mapped URL path [/dev/image/queryDefById/] onto handler 'pcImageMvc'
2016-03-11 16:49:15  [ main:1361 ] - [ INFO ]  Mapped URL path [/dev/image/getDefDropList] onto handler 'pcImageMvc'
2016-03-11 16:49:15  [ main:1361 ] - [ INFO ]  Mapped URL path [/dev/image/getDefDropList.*] onto handler 'pcImageMvc'
2016-03-11 16:49:15  [ main:1361 ] - [ INFO ]  Mapped URL path [/dev/image/getDefDropList/] onto handler 'pcImageMvc'
2016-03-11 16:49:15  [ main:1361 ] - [ INFO ]  Mapped URL path [/dev/image/deployImage2Test] onto handler 'pcImageMvc'
2016-03-11 16:49:15  [ main:1361 ] - [ INFO ]  Mapped URL path [/dev/image/deployImage2Test.*] onto handler 'pcImageMvc'
2016-03-11 16:49:15  [ main:1361 ] - [ INFO ]  Mapped URL path [/dev/image/deployImage2Test/] onto handler 'pcImageMvc'
2016-03-11 16:49:15  [ main:1361 ] - [ INFO ]  Mapped URL path [/dev/image/deployImage2Release] onto handler 'pcImageMvc'
2016-03-11 16:49:15  [ main:1361 ] - [ INFO ]  Mapped URL path [/dev/image/deployImage2Release.*] onto handler 'pcImageMvc'
2016-03-11 16:49:15  [ main:1361 ] - [ INFO ]  Mapped URL path [/dev/image/deployImage2Release/] onto handler 'pcImageMvc'
2016-03-11 16:49:15  [ main:1361 ] - [ INFO ]  Mapped URL path [/dev/image/deployImage2Dev] onto handler 'pcImageMvc'
2016-03-11 16:49:15  [ main:1361 ] - [ INFO ]  Mapped URL path [/dev/image/deployImage2Dev.*] onto handler 'pcImageMvc'
2016-03-11 16:49:15  [ main:1361 ] - [ INFO ]  Mapped URL path [/dev/image/deployImage2Dev/] onto handler 'pcImageMvc'
2016-03-11 16:49:15  [ main:1361 ] - [ INFO ]  Mapped URL path [/dev/image/getImageDropList] onto handler 'pcImageMvc'
2016-03-11 16:49:15  [ main:1361 ] - [ INFO ]  Mapped URL path [/dev/image/getImageDropList.*] onto handler 'pcImageMvc'
2016-03-11 16:49:15  [ main:1361 ] - [ INFO ]  Mapped URL path [/dev/image/getImageDropList/] onto handler 'pcImageMvc'
2016-03-11 16:49:15  [ main:1361 ] - [ INFO ]  Mapped URL path [/dev/image/queryImageById] onto handler 'pcImageMvc'
2016-03-11 16:49:15  [ main:1361 ] - [ INFO ]  Mapped URL path [/dev/image/queryImageById.*] onto handler 'pcImageMvc'
2016-03-11 16:49:15  [ main:1361 ] - [ INFO ]  Mapped URL path [/dev/image/queryImageById/] onto handler 'pcImageMvc'
2016-03-11 16:49:15  [ main:1361 ] - [ INFO ]  Mapped URL path [/dev/image/queryImageInfoPage] onto handler 'pcImageMvc'
2016-03-11 16:49:15  [ main:1361 ] - [ INFO ]  Mapped URL path [/dev/image/queryImageInfoPage.*] onto handler 'pcImageMvc'
2016-03-11 16:49:15  [ main:1361 ] - [ INFO ]  Mapped URL path [/dev/image/queryImageInfoPage/] onto handler 'pcImageMvc'
2016-03-11 16:49:15  [ main:1361 ] - [ INFO ]  Mapped URL path [/dev/image/removeImageById] onto handler 'pcImageMvc'
2016-03-11 16:49:15  [ main:1361 ] - [ INFO ]  Mapped URL path [/dev/image/removeImageById.*] onto handler 'pcImageMvc'
2016-03-11 16:49:15  [ main:1361 ] - [ INFO ]  Mapped URL path [/dev/image/removeImageById/] onto handler 'pcImageMvc'
2016-03-11 16:49:15  [ main:1361 ] - [ INFO ]  Mapped URL path [/dev/image/queryDefInfoById] onto handler 'pcImageMvc'
2016-03-11 16:49:15  [ main:1361 ] - [ INFO ]  Mapped URL path [/dev/image/queryDefInfoById.*] onto handler 'pcImageMvc'
2016-03-11 16:49:15  [ main:1361 ] - [ INFO ]  Mapped URL path [/dev/image/queryDefInfoById/] onto handler 'pcImageMvc'
2016-03-11 16:49:15  [ main:1361 ] - [ INFO ]  Mapped URL path [/dev/product/getProductMgrDropList] onto handler 'pcProductMvc'
2016-03-11 16:49:15  [ main:1361 ] - [ INFO ]  Mapped URL path [/dev/product/getProductMgrDropList.*] onto handler 'pcProductMvc'
2016-03-11 16:49:15  [ main:1361 ] - [ INFO ]  Mapped URL path [/dev/product/getProductMgrDropList/] onto handler 'pcProductMvc'
2016-03-11 16:49:15  [ main:1376 ] - [ INFO ]  Mapped URL path [/dev/product/queryInfoPage] onto handler 'pcProductMvc'
2016-03-11 16:49:15  [ main:1376 ] - [ INFO ]  Mapped URL path [/dev/product/queryInfoPage.*] onto handler 'pcProductMvc'
2016-03-11 16:49:15  [ main:1376 ] - [ INFO ]  Mapped URL path [/dev/product/queryInfoPage/] onto handler 'pcProductMvc'
2016-03-11 16:49:15  [ main:1376 ] - [ INFO ]  Mapped URL path [/dev/product/queryInfoById] onto handler 'pcProductMvc'
2016-03-11 16:49:15  [ main:1376 ] - [ INFO ]  Mapped URL path [/dev/product/queryInfoById.*] onto handler 'pcProductMvc'
2016-03-11 16:49:15  [ main:1376 ] - [ INFO ]  Mapped URL path [/dev/product/queryInfoById/] onto handler 'pcProductMvc'
2016-03-11 16:49:15  [ main:1376 ] - [ INFO ]  Mapped URL path [/dev/product/saveOrUpdate] onto handler 'pcProductMvc'
2016-03-11 16:49:15  [ main:1376 ] - [ INFO ]  Mapped URL path [/dev/product/saveOrUpdate.*] onto handler 'pcProductMvc'
2016-03-11 16:49:15  [ main:1376 ] - [ INFO ]  Mapped URL path [/dev/product/saveOrUpdate/] onto handler 'pcProductMvc'
2016-03-11 16:49:15  [ main:1376 ] - [ INFO ]  Mapped URL path [/dev/product/queryMgrList] onto handler 'pcProductMvc'
2016-03-11 16:49:15  [ main:1376 ] - [ INFO ]  Mapped URL path [/dev/product/queryMgrList.*] onto handler 'pcProductMvc'
2016-03-11 16:49:15  [ main:1376 ] - [ INFO ]  Mapped URL path [/dev/product/queryMgrList/] onto handler 'pcProductMvc'
2016-03-11 16:49:15  [ main:1376 ] - [ INFO ]  Mapped URL path [/dev/product/queryMgrPage] onto handler 'pcProductMvc'
2016-03-11 16:49:15  [ main:1376 ] - [ INFO ]  Mapped URL path [/dev/product/queryMgrPage.*] onto handler 'pcProductMvc'
2016-03-11 16:49:15  [ main:1376 ] - [ INFO ]  Mapped URL path [/dev/product/queryMgrPage/] onto handler 'pcProductMvc'
2016-03-11 16:49:15  [ main:1376 ] - [ INFO ]  Mapped URL path [/dev/product/getProductDropList] onto handler 'pcProductMvc'
2016-03-11 16:49:15  [ main:1376 ] - [ INFO ]  Mapped URL path [/dev/product/getProductDropList.*] onto handler 'pcProductMvc'
2016-03-11 16:49:15  [ main:1376 ] - [ INFO ]  Mapped URL path [/dev/product/getProductDropList/] onto handler 'pcProductMvc'
2016-03-11 16:49:15  [ main:1376 ] - [ INFO ]  Mapped URL path [/dev/product/applyRespDoc] onto handler 'pcProductMvc'
2016-03-11 16:49:15  [ main:1376 ] - [ INFO ]  Mapped URL path [/dev/product/applyRespDoc.*] onto handler 'pcProductMvc'
2016-03-11 16:49:15  [ main:1376 ] - [ INFO ]  Mapped URL path [/dev/product/applyRespDoc/] onto handler 'pcProductMvc'
2016-03-11 16:49:15  [ main:1376 ] - [ INFO ]  Mapped URL path [/dev/project/getProductInfoDropListMap] onto handler 'pcProjectMvc'
2016-03-11 16:49:15  [ main:1376 ] - [ INFO ]  Mapped URL path [/dev/project/getProductInfoDropListMap.*] onto handler 'pcProjectMvc'
2016-03-11 16:49:15  [ main:1376 ] - [ INFO ]  Mapped URL path [/dev/project/getProductInfoDropListMap/] onto handler 'pcProjectMvc'
2016-03-11 16:49:15  [ main:1376 ] - [ INFO ]  Mapped URL path [/dev/project/queryInfoPage] onto handler 'pcProjectMvc'
2016-03-11 16:49:15  [ main:1376 ] - [ INFO ]  Mapped URL path [/dev/project/queryInfoPage.*] onto handler 'pcProjectMvc'
2016-03-11 16:49:15  [ main:1376 ] - [ INFO ]  Mapped URL path [/dev/project/queryInfoPage/] onto handler 'pcProjectMvc'
2016-03-11 16:49:15  [ main:1376 ] - [ INFO ]  Mapped URL path [/dev/project/queryInfoById] onto handler 'pcProjectMvc'
2016-03-11 16:49:15  [ main:1376 ] - [ INFO ]  Mapped URL path [/dev/project/queryInfoById.*] onto handler 'pcProjectMvc'
2016-03-11 16:49:15  [ main:1376 ] - [ INFO ]  Mapped URL path [/dev/project/queryInfoById/] onto handler 'pcProjectMvc'
2016-03-11 16:49:15  [ main:1376 ] - [ INFO ]  Mapped URL path [/dev/project/saveOrUpdate] onto handler 'pcProjectMvc'
2016-03-11 16:49:15  [ main:1376 ] - [ INFO ]  Mapped URL path [/dev/project/saveOrUpdate.*] onto handler 'pcProjectMvc'
2016-03-11 16:49:15  [ main:1376 ] - [ INFO ]  Mapped URL path [/dev/project/saveOrUpdate/] onto handler 'pcProjectMvc'
2016-03-11 16:49:15  [ main:1376 ] - [ INFO ]  Mapped URL path [/dev/project/queryMgrProdInfoPage] onto handler 'pcProjectMvc'
2016-03-11 16:49:15  [ main:1376 ] - [ INFO ]  Mapped URL path [/dev/project/queryMgrProdInfoPage.*] onto handler 'pcProjectMvc'
2016-03-11 16:49:15  [ main:1376 ] - [ INFO ]  Mapped URL path [/dev/project/queryMgrProdInfoPage/] onto handler 'pcProjectMvc'
2016-03-11 16:49:15  [ main:1376 ] - [ INFO ]  Mapped URL path [/dev/project/updateImageReg] onto handler 'pcProjectMvc'
2016-03-11 16:49:15  [ main:1376 ] - [ INFO ]  Mapped URL path [/dev/project/updateImageReg.*] onto handler 'pcProjectMvc'
2016-03-11 16:49:15  [ main:1376 ] - [ INFO ]  Mapped URL path [/dev/project/updateImageReg/] onto handler 'pcProjectMvc'
2016-03-11 16:49:15  [ main:1376 ] - [ INFO ]  Mapped URL path [/dev/project/applyRespCode] onto handler 'pcProjectMvc'
2016-03-11 16:49:15  [ main:1376 ] - [ INFO ]  Mapped URL path [/dev/project/applyRespCode.*] onto handler 'pcProjectMvc'
2016-03-11 16:49:15  [ main:1376 ] - [ INFO ]  Mapped URL path [/dev/project/applyRespCode/] onto handler 'pcProjectMvc'
2016-03-11 16:49:15  [ main:1376 ] - [ INFO ]  Mapped URL path [/dev/project/getProjectDropList] onto handler 'pcProjectMvc'
2016-03-11 16:49:15  [ main:1376 ] - [ INFO ]  Mapped URL path [/dev/project/getProjectDropList.*] onto handler 'pcProjectMvc'
2016-03-11 16:49:15  [ main:1376 ] - [ INFO ]  Mapped URL path [/dev/project/getProjectDropList/] onto handler 'pcProjectMvc'
2016-03-11 16:49:15  [ main:1376 ] - [ INFO ]  Mapped URL path [/dev/project/applyRespDoc] onto handler 'pcProjectMvc'
2016-03-11 16:49:15  [ main:1376 ] - [ INFO ]  Mapped URL path [/dev/project/applyRespDoc.*] onto handler 'pcProjectMvc'
2016-03-11 16:49:15  [ main:1376 ] - [ INFO ]  Mapped URL path [/dev/project/applyRespDoc/] onto handler 'pcProjectMvc'
2016-03-11 16:49:15  [ main:1376 ] - [ INFO ]  Mapped URL path [/res/res/getResRegionDropListMap] onto handler 'psResMvc'
2016-03-11 16:49:15  [ main:1376 ] - [ INFO ]  Mapped URL path [/res/res/getResRegionDropListMap.*] onto handler 'psResMvc'
2016-03-11 16:49:15  [ main:1376 ] - [ INFO ]  Mapped URL path [/res/res/getResRegionDropListMap/] onto handler 'psResMvc'
2016-03-11 16:49:15  [ main:1376 ] - [ INFO ]  Mapped URL path [/res/res/getResRegionTree] onto handler 'psResMvc'
2016-03-11 16:49:15  [ main:1376 ] - [ INFO ]  Mapped URL path [/res/res/getResRegionTree.*] onto handler 'psResMvc'
2016-03-11 16:49:15  [ main:1376 ] - [ INFO ]  Mapped URL path [/res/res/getResRegionTree/] onto handler 'psResMvc'
2016-03-11 16:49:15  [ main:1376 ] - [ INFO ]  Mapped URL path [/res/res/getCompRoomDropList] onto handler 'psResMvc'
2016-03-11 16:49:15  [ main:1376 ] - [ INFO ]  Mapped URL path [/res/res/getCompRoomDropList.*] onto handler 'psResMvc'
2016-03-11 16:49:15  [ main:1376 ] - [ INFO ]  Mapped URL path [/res/res/getCompRoomDropList/] onto handler 'psResMvc'
2016-03-11 16:49:15  [ main:1486 ] - [ INFO ]  FrameworkServlet 'spring': initialization completed in 1032 ms
2016-03-11 16:49:15  [ main:1501 ] - [ INFO ]  Started SelectChannelConnector@0.0.0.0:16203
2016-03-11 16:49:15  [ main:1501 ] - [ INFO ]  start server successful.
2016-03-11 17:19:03  [ main:0 ] - [ INFO ]  start jetty-server ......
2016-03-11 17:19:03  [ main:2 ] - [ INFO ]  begin initialization QueuedThreadPool ......
2016-03-11 17:19:03  [ main:2 ] - [ INFO ]  begin initialization SelectChannelConnector ......
2016-03-11 17:19:03  [ main:18 ] - [ INFO ]  Logging to org.slf4j.impl.Log4jLoggerAdapter(org.mortbay.log) via org.mortbay.log.Slf4jLog
2016-03-11 17:19:03  [ main:18 ] - [ INFO ]  begin initialization Server ......
2016-03-11 17:19:03  [ main:18 ] - [ INFO ]  begin initialization WebAppContext ......
2016-03-11 17:19:03  [ main:18 ] - [ INFO ]   initialization app-root '/paas-wdev=src/main/webapp' ...... 
2016-03-11 17:19:03  [ main:54 ] - [ INFO ]  begin start server ......
2016-03-11 17:19:03  [ main:54 ] - [ INFO ]  jetty-6.1.26
2016-03-11 17:19:03  [ main:370 ] - [ INFO ]  Initializing Spring FrameworkServlet 'spring'
2016-03-11 17:19:03  [ main:370 ] - [ INFO ]  FrameworkServlet 'spring': initialization started
2016-03-11 17:19:03  [ main:385 ] - [ INFO ]  Refreshing WebApplicationContext for namespace 'spring-servlet': startup date [Fri Mar 11 17:19:03 CST 2016]; root of context hierarchy
2016-03-11 17:19:04  [ main:432 ] - [ INFO ]  Loading XML bean definitions from ServletContext resource [/WEB-INF/spring-servlet.xml]
2016-03-11 17:19:04  [ main:479 ] - [ INFO ]  Loading XML bean definitions from class path resource [spring-context.xml]
2016-03-11 17:19:04  [ main:510 ] - [ INFO ]  Loading XML bean definitions from class path resource [spring-dubbo-client.xml]
2016-03-11 17:19:04  [ main:571 ] - [ INFO ]  Loading XML bean definitions from class path resource [spring-sso-client.xml]
2016-03-11 17:19:04  [ main:571 ] - [ INFO ]  Loading XML bean definitions from class path resource [spring/spring-sso-client.xml]
2016-03-11 17:19:04  [ main:602 ] - [ INFO ]  JSR-250 'javax.annotation.ManagedBean' found and supported for component scanning
2016-03-11 17:19:04  [ main:633 ] - [ INFO ]  Loading XML bean definitions from class path resource [spring/spring-paas-frame.xml]
2016-03-11 17:19:04  [ main:649 ] - [ INFO ]  JSR-250 'javax.annotation.ManagedBean' found and supported for component scanning
2016-03-11 17:19:04  [ main:680 ] - [ INFO ]  Loading XML bean definitions from class path resource [spring/spring-paas-wdev.xml]
2016-03-11 17:19:04  [ main:680 ] - [ INFO ]  JSR-250 'javax.annotation.ManagedBean' found and supported for component scanning
2016-03-11 17:19:04  [ main:833 ] - [ INFO ]  Loading properties file from class path resource [project.properties]
2016-03-11 17:19:04  [ main:865 ] - [ INFO ]  Pre-instantiating singletons in org.springframework.beans.factory.support.DefaultListableBeanFactory@dafb3a: defining beans [viewResolver,org.springframework.web.servlet.handler.SimpleMappingExceptionResolver#0,multipartResolver,org.springframework.beans.factory.config.PropertyPlaceholderConfigurer#0,com.binary.framework.util.FrameworkProperties#0,DubboRestClient_SYS,DubboRestClient_DEV,DubboRestClient_DEP,DubboxRest_SysFrameSvc,DubboxRest_MerchentSvc,DubboxRest_SysOpOrgSvc,DubboxRest_SysOpRoleSvc,DubboxRest_SysOrgSvc,DubboxRest_SysRoleSvc,DubboxRest_SysOpSvc,DubboxRest_PcCompRoomSvc,DubboxRest_PcDataCenterSvc,DubboxRest_PcResCenterSvc,DubboxRest_PsResCenterResSvc,DubboxRest_PcNetZoneSvc,DubboxRest_PcBuildSvc,DubboxRest_PcImageSvc,DubboxRest_PcProductSvc,DubboxRest_PcProjectSvc,DubboxRest_VcMntRepositoryApplySvc,org.springframework.context.annotation.internalConfigurationAnnotationProcessor,org.springframework.context.annotation.internalAutowiredAnnotationProcessor,org.springframework.context.annotation.internalRequiredAnnotationProcessor,org.springframework.context.annotation.internalCommonAnnotationProcessor,com.binary.sso.client.auth.SsoClientAuthMvc#0,com.aic.paas.frame.cross.integration.PaasWebSsoUserLoginListener#0,com.binary.sso.client.SsoClientConfiguration#0,dropListMvc,indexMvc,moduMvc,tmpFileMvc,treeListMvc,com.aic.paas.frame.cross.peer.impl.SysAuthResPeerImpl#0,com.aic.paas.frame.cross.peer.impl.SysFramePeerImpl#0,com.aic.paas.frame.util.SysFrameUtil#0,com.aic.paas.frame.cross.integration.PaasSsoUserLoginListener#0,dispatchMvc,mntUserMvc,pcBuildMvc,pcBuildTaskMvc,pcImageMvc,pcProductMvc,pcProjectMvc,psResMvc,com.aic.paas.wdev.peer.impl.PcProductPeerImpl#0,com.aic.paas.wdev.peer.impl.PcProjectPeerImpl#0,com.aic.paas.wdev.peer.impl.PcBuildPeerImpl#0,com.aic.paas.wdev.peer.impl.PcBuildTaskPeerImpl#0,com.aic.paas.wdev.peer.impl.PcImagePeerImpl#0,com.aic.paas.wdev.peer.impl.UserAuthenticationPeerImpl#0,com.aic.paas.wdev.peer.impl.PcDataCenterPeerImpl#0,com.aic.paas.wdev.peer.impl.PcResCenterPeerImpl#0,com.aic.paas.wdev.peer.impl.PsResPeerImpl#0,com.aic.paas.wdev.peer.impl.MntUserPeerImpl#0,org.springframework.context.annotation.ConfigurationClassPostProcessor.importAwareProcessor]; root of factory hierarchy
2016-03-11 17:19:04  [ main:1060 ] - [ INFO ]  Destroying singletons in org.springframework.beans.factory.support.DefaultListableBeanFactory@dafb3a: defining beans [viewResolver,org.springframework.web.servlet.handler.SimpleMappingExceptionResolver#0,multipartResolver,org.springframework.beans.factory.config.PropertyPlaceholderConfigurer#0,com.binary.framework.util.FrameworkProperties#0,DubboRestClient_SYS,DubboRestClient_DEV,DubboRestClient_DEP,DubboxRest_SysFrameSvc,DubboxRest_MerchentSvc,DubboxRest_SysOpOrgSvc,DubboxRest_SysOpRoleSvc,DubboxRest_SysOrgSvc,DubboxRest_SysRoleSvc,DubboxRest_SysOpSvc,DubboxRest_PcCompRoomSvc,DubboxRest_PcDataCenterSvc,DubboxRest_PcResCenterSvc,DubboxRest_PsResCenterResSvc,DubboxRest_PcNetZoneSvc,DubboxRest_PcBuildSvc,DubboxRest_PcImageSvc,DubboxRest_PcProductSvc,DubboxRest_PcProjectSvc,DubboxRest_VcMntRepositoryApplySvc,org.springframework.context.annotation.internalConfigurationAnnotationProcessor,org.springframework.context.annotation.internalAutowiredAnnotationProcessor,org.springframework.context.annotation.internalRequiredAnnotationProcessor,org.springframework.context.annotation.internalCommonAnnotationProcessor,com.binary.sso.client.auth.SsoClientAuthMvc#0,com.aic.paas.frame.cross.integration.PaasWebSsoUserLoginListener#0,com.binary.sso.client.SsoClientConfiguration#0,dropListMvc,indexMvc,moduMvc,tmpFileMvc,treeListMvc,com.aic.paas.frame.cross.peer.impl.SysAuthResPeerImpl#0,com.aic.paas.frame.cross.peer.impl.SysFramePeerImpl#0,com.aic.paas.frame.util.SysFrameUtil#0,com.aic.paas.frame.cross.integration.PaasSsoUserLoginListener#0,dispatchMvc,mntUserMvc,pcBuildMvc,pcBuildTaskMvc,pcImageMvc,pcProductMvc,pcProjectMvc,psResMvc,com.aic.paas.wdev.peer.impl.PcProductPeerImpl#0,com.aic.paas.wdev.peer.impl.PcProjectPeerImpl#0,com.aic.paas.wdev.peer.impl.PcBuildPeerImpl#0,com.aic.paas.wdev.peer.impl.PcBuildTaskPeerImpl#0,com.aic.paas.wdev.peer.impl.PcImagePeerImpl#0,com.aic.paas.wdev.peer.impl.UserAuthenticationPeerImpl#0,com.aic.paas.wdev.peer.impl.PcDataCenterPeerImpl#0,com.aic.paas.wdev.peer.impl.PcResCenterPeerImpl#0,com.aic.paas.wdev.peer.impl.PsResPeerImpl#0,com.aic.paas.wdev.peer.impl.MntUserPeerImpl#0,org.springframework.context.annotation.ConfigurationClassPostProcessor.importAwareProcessor]; root of factory hierarchy
2016-03-11 17:19:04  [ main:1061 ] - [ ERROR ]  Context initialization failed
org.springframework.beans.factory.BeanCreationException: Error creating bean with name 'pcBuildTaskMvc': Injection of autowired dependencies failed; nested exception is org.springframework.beans.factory.BeanCreationException: Could not autowire field: com.aic.paas.wdev.peer.PcBuildTaskPeer com.aic.paas.wdev.mvc.PcBuildTaskMvc.buildTaskPeer; nested exception is org.springframework.beans.factory.BeanCreationException: Error creating bean with name 'com.aic.paas.wdev.peer.impl.PcBuildTaskPeerImpl#0': Injection of autowired dependencies failed; nested exception is org.springframework.beans.factory.BeanCreationException: Could not autowire field: com.aic.paas.wdev.rest.PcBuildTaskSvc com.aic.paas.wdev.peer.impl.PcBuildTaskPeerImpl.buildTaskSvc; nested exception is org.springframework.beans.factory.NoSuchBeanDefinitionException: No matching bean of type [com.aic.paas.wdev.rest.PcBuildTaskSvc] found for dependency: expected at least 1 bean which qualifies as autowire candidate for this dependency. Dependency annotations: {@org.springframework.beans.factory.annotation.Autowired(required=true)}
	at org.springframework.beans.factory.annotation.AutowiredAnnotationBeanPostProcessor.postProcessPropertyValues(AutowiredAnnotationBeanPostProcessor.java:287)
	at org.springframework.beans.factory.support.AbstractAutowireCapableBeanFactory.populateBean(AbstractAutowireCapableBeanFactory.java:1106)
	at org.springframework.beans.factory.support.AbstractAutowireCapableBeanFactory.doCreateBean(AbstractAutowireCapableBeanFactory.java:517)
	at org.springframework.beans.factory.support.AbstractAutowireCapableBeanFactory.createBean(AbstractAutowireCapableBeanFactory.java:456)
	at org.springframework.beans.factory.support.AbstractBeanFactory$1.getObject(AbstractBeanFactory.java:294)
	at org.springframework.beans.factory.support.DefaultSingletonBeanRegistry.getSingleton(DefaultSingletonBeanRegistry.java:225)
	at org.springframework.beans.factory.support.AbstractBeanFactory.doGetBean(AbstractBeanFactory.java:291)
	at org.springframework.beans.factory.support.AbstractBeanFactory.getBean(AbstractBeanFactory.java:193)
	at org.springframework.beans.factory.support.DefaultListableBeanFactory.preInstantiateSingletons(DefaultListableBeanFactory.java:605)
	at org.springframework.context.support.AbstractApplicationContext.finishBeanFactoryInitialization(AbstractApplicationContext.java:925)
	at org.springframework.context.support.AbstractApplicationContext.refresh(AbstractApplicationContext.java:472)
	at org.springframework.web.servlet.FrameworkServlet.configureAndRefreshWebApplicationContext(FrameworkServlet.java:631)
	at org.springframework.web.servlet.FrameworkServlet.createWebApplicationContext(FrameworkServlet.java:588)
	at org.springframework.web.servlet.FrameworkServlet.createWebApplicationContext(FrameworkServlet.java:645)
	at org.springframework.web.servlet.FrameworkServlet.initWebApplicationContext(FrameworkServlet.java:508)
	at org.springframework.web.servlet.FrameworkServlet.initServletBean(FrameworkServlet.java:449)
	at org.springframework.web.servlet.HttpServletBean.init(HttpServletBean.java:133)
	at javax.servlet.GenericServlet.init(GenericServlet.java:241)
	at org.mortbay.jetty.servlet.ServletHolder.initServlet(ServletHolder.java:440)
	at org.mortbay.jetty.servlet.ServletHolder.doStart(ServletHolder.java:263)
	at org.mortbay.component.AbstractLifeCycle.start(AbstractLifeCycle.java:50)
	at org.mortbay.jetty.servlet.ServletHandler.initialize(ServletHandler.java:736)
	at org.mortbay.jetty.servlet.Context.startContext(Context.java:140)
	at org.mortbay.jetty.webapp.WebAppContext.startContext(WebAppContext.java:1282)
	at org.mortbay.jetty.handler.ContextHandler.doStart(ContextHandler.java:518)
	at org.mortbay.jetty.webapp.WebAppContext.doStart(WebAppContext.java:499)
	at org.mortbay.component.AbstractLifeCycle.start(AbstractLifeCycle.java:50)
	at org.mortbay.jetty.handler.HandlerCollection.doStart(HandlerCollection.java:152)
	at org.mortbay.component.AbstractLifeCycle.start(AbstractLifeCycle.java:50)
	at org.mortbay.jetty.handler.HandlerWrapper.doStart(HandlerWrapper.java:130)
	at org.mortbay.jetty.Server.doStart(Server.java:224)
	at org.mortbay.component.AbstractLifeCycle.start(AbstractLifeCycle.java:50)
	at com.binary.application.jetty.JettyServer.start(JettyServer.java:281)
	at com.binary.application.jetty.JettyMain.main(JettyMain.java:12)
	at com.aic.paas.wdev.test.TestWDevMain.main(TestWDevMain.java:11)
Caused by: org.springframework.beans.factory.BeanCreationException: Could not autowire field: com.aic.paas.wdev.peer.PcBuildTaskPeer com.aic.paas.wdev.mvc.PcBuildTaskMvc.buildTaskPeer; nested exception is org.springframework.beans.factory.BeanCreationException: Error creating bean with name 'com.aic.paas.wdev.peer.impl.PcBuildTaskPeerImpl#0': Injection of autowired dependencies failed; nested exception is org.springframework.beans.factory.BeanCreationException: Could not autowire field: com.aic.paas.wdev.rest.PcBuildTaskSvc com.aic.paas.wdev.peer.impl.PcBuildTaskPeerImpl.buildTaskSvc; nested exception is org.springframework.beans.factory.NoSuchBeanDefinitionException: No matching bean of type [com.aic.paas.wdev.rest.PcBuildTaskSvc] found for dependency: expected at least 1 bean which qualifies as autowire candidate for this dependency. Dependency annotations: {@org.springframework.beans.factory.annotation.Autowired(required=true)}
	at org.springframework.beans.factory.annotation.AutowiredAnnotationBeanPostProcessor$AutowiredFieldElement.inject(AutowiredAnnotationBeanPostProcessor.java:513)
	at org.springframework.beans.factory.annotation.InjectionMetadata.inject(InjectionMetadata.java:92)
	at org.springframework.beans.factory.annotation.AutowiredAnnotationBeanPostProcessor.postProcessPropertyValues(AutowiredAnnotationBeanPostProcessor.java:284)
	... 34 more
Caused by: org.springframework.beans.factory.BeanCreationException: Error creating bean with name 'com.aic.paas.wdev.peer.impl.PcBuildTaskPeerImpl#0': Injection of autowired dependencies failed; nested exception is org.springframework.beans.factory.BeanCreationException: Could not autowire field: com.aic.paas.wdev.rest.PcBuildTaskSvc com.aic.paas.wdev.peer.impl.PcBuildTaskPeerImpl.buildTaskSvc; nested exception is org.springframework.beans.factory.NoSuchBeanDefinitionException: No matching bean of type [com.aic.paas.wdev.rest.PcBuildTaskSvc] found for dependency: expected at least 1 bean which qualifies as autowire candidate for this dependency. Dependency annotations: {@org.springframework.beans.factory.annotation.Autowired(required=true)}
	at org.springframework.beans.factory.annotation.AutowiredAnnotationBeanPostProcessor.postProcessPropertyValues(AutowiredAnnotationBeanPostProcessor.java:287)
	at org.springframework.beans.factory.support.AbstractAutowireCapableBeanFactory.populateBean(AbstractAutowireCapableBeanFactory.java:1106)
	at org.springframework.beans.factory.support.AbstractAutowireCapableBeanFactory.doCreateBean(AbstractAutowireCapableBeanFactory.java:517)
	at org.springframework.beans.factory.support.AbstractAutowireCapableBeanFactory.createBean(AbstractAutowireCapableBeanFactory.java:456)
	at org.springframework.beans.factory.support.AbstractBeanFactory$1.getObject(AbstractBeanFactory.java:294)
	at org.springframework.beans.factory.support.DefaultSingletonBeanRegistry.getSingleton(DefaultSingletonBeanRegistry.java:225)
	at org.springframework.beans.factory.support.AbstractBeanFactory.doGetBean(AbstractBeanFactory.java:291)
	at org.springframework.beans.factory.support.AbstractBeanFactory.getBean(AbstractBeanFactory.java:193)
	at org.springframework.beans.factory.support.DefaultListableBeanFactory.findAutowireCandidates(DefaultListableBeanFactory.java:872)
	at org.springframework.beans.factory.support.DefaultListableBeanFactory.doResolveDependency(DefaultListableBeanFactory.java:814)
	at org.springframework.beans.factory.support.DefaultListableBeanFactory.resolveDependency(DefaultListableBeanFactory.java:731)
	at org.springframework.beans.factory.annotation.AutowiredAnnotationBeanPostProcessor$AutowiredFieldElement.inject(AutowiredAnnotationBeanPostProcessor.java:485)
	... 36 more
Caused by: org.springframework.beans.factory.BeanCreationException: Could not autowire field: com.aic.paas.wdev.rest.PcBuildTaskSvc com.aic.paas.wdev.peer.impl.PcBuildTaskPeerImpl.buildTaskSvc; nested exception is org.springframework.beans.factory.NoSuchBeanDefinitionException: No matching bean of type [com.aic.paas.wdev.rest.PcBuildTaskSvc] found for dependency: expected at least 1 bean which qualifies as autowire candidate for this dependency. Dependency annotations: {@org.springframework.beans.factory.annotation.Autowired(required=true)}
	at org.springframework.beans.factory.annotation.AutowiredAnnotationBeanPostProcessor$AutowiredFieldElement.inject(AutowiredAnnotationBeanPostProcessor.java:513)
	at org.springframework.beans.factory.annotation.InjectionMetadata.inject(InjectionMetadata.java:92)
	at org.springframework.beans.factory.annotation.AutowiredAnnotationBeanPostProcessor.postProcessPropertyValues(AutowiredAnnotationBeanPostProcessor.java:284)
	... 47 more
Caused by: org.springframework.beans.factory.NoSuchBeanDefinitionException: No matching bean of type [com.aic.paas.wdev.rest.PcBuildTaskSvc] found for dependency: expected at least 1 bean which qualifies as autowire candidate for this dependency. Dependency annotations: {@org.springframework.beans.factory.annotation.Autowired(required=true)}
	at org.springframework.beans.factory.support.DefaultListableBeanFactory.raiseNoSuchBeanDefinitionException(DefaultListableBeanFactory.java:948)
	at org.springframework.beans.factory.support.DefaultListableBeanFactory.doResolveDependency(DefaultListableBeanFactory.java:817)
	at org.springframework.beans.factory.support.DefaultListableBeanFactory.resolveDependency(DefaultListableBeanFactory.java:731)
	at org.springframework.beans.factory.annotation.AutowiredAnnotationBeanPostProcessor$AutowiredFieldElement.inject(AutowiredAnnotationBeanPostProcessor.java:485)
	... 49 more
2016-03-11 17:19:04  [ main:1109 ] - [ ERROR ]  unavailable
org.springframework.beans.factory.BeanCreationException: Error creating bean with name 'pcBuildTaskMvc': Injection of autowired dependencies failed; nested exception is org.springframework.beans.factory.BeanCreationException: Could not autowire field: com.aic.paas.wdev.peer.PcBuildTaskPeer com.aic.paas.wdev.mvc.PcBuildTaskMvc.buildTaskPeer; nested exception is org.springframework.beans.factory.BeanCreationException: Error creating bean with name 'com.aic.paas.wdev.peer.impl.PcBuildTaskPeerImpl#0': Injection of autowired dependencies failed; nested exception is org.springframework.beans.factory.BeanCreationException: Could not autowire field: com.aic.paas.wdev.rest.PcBuildTaskSvc com.aic.paas.wdev.peer.impl.PcBuildTaskPeerImpl.buildTaskSvc; nested exception is org.springframework.beans.factory.NoSuchBeanDefinitionException: No matching bean of type [com.aic.paas.wdev.rest.PcBuildTaskSvc] found for dependency: expected at least 1 bean which qualifies as autowire candidate for this dependency. Dependency annotations: {@org.springframework.beans.factory.annotation.Autowired(required=true)}
	at org.springframework.beans.factory.annotation.AutowiredAnnotationBeanPostProcessor.postProcessPropertyValues(AutowiredAnnotationBeanPostProcessor.java:287)
	at org.springframework.beans.factory.support.AbstractAutowireCapableBeanFactory.populateBean(AbstractAutowireCapableBeanFactory.java:1106)
	at org.springframework.beans.factory.support.AbstractAutowireCapableBeanFactory.doCreateBean(AbstractAutowireCapableBeanFactory.java:517)
	at org.springframework.beans.factory.support.AbstractAutowireCapableBeanFactory.createBean(AbstractAutowireCapableBeanFactory.java:456)
	at org.springframework.beans.factory.support.AbstractBeanFactory$1.getObject(AbstractBeanFactory.java:294)
	at org.springframework.beans.factory.support.DefaultSingletonBeanRegistry.getSingleton(DefaultSingletonBeanRegistry.java:225)
	at org.springframework.beans.factory.support.AbstractBeanFactory.doGetBean(AbstractBeanFactory.java:291)
	at org.springframework.beans.factory.support.AbstractBeanFactory.getBean(AbstractBeanFactory.java:193)
	at org.springframework.beans.factory.support.DefaultListableBeanFactory.preInstantiateSingletons(DefaultListableBeanFactory.java:605)
	at org.springframework.context.support.AbstractApplicationContext.finishBeanFactoryInitialization(AbstractApplicationContext.java:925)
	at org.springframework.context.support.AbstractApplicationContext.refresh(AbstractApplicationContext.java:472)
	at org.springframework.web.servlet.FrameworkServlet.configureAndRefreshWebApplicationContext(FrameworkServlet.java:631)
	at org.springframework.web.servlet.FrameworkServlet.createWebApplicationContext(FrameworkServlet.java:588)
	at org.springframework.web.servlet.FrameworkServlet.createWebApplicationContext(FrameworkServlet.java:645)
	at org.springframework.web.servlet.FrameworkServlet.initWebApplicationContext(FrameworkServlet.java:508)
	at org.springframework.web.servlet.FrameworkServlet.initServletBean(FrameworkServlet.java:449)
	at org.springframework.web.servlet.HttpServletBean.init(HttpServletBean.java:133)
	at javax.servlet.GenericServlet.init(GenericServlet.java:241)
	at org.mortbay.jetty.servlet.ServletHolder.initServlet(ServletHolder.java:440)
	at org.mortbay.jetty.servlet.ServletHolder.doStart(ServletHolder.java:263)
	at org.mortbay.component.AbstractLifeCycle.start(AbstractLifeCycle.java:50)
	at org.mortbay.jetty.servlet.ServletHandler.initialize(ServletHandler.java:736)
	at org.mortbay.jetty.servlet.Context.startContext(Context.java:140)
	at org.mortbay.jetty.webapp.WebAppContext.startContext(WebAppContext.java:1282)
	at org.mortbay.jetty.handler.ContextHandler.doStart(ContextHandler.java:518)
	at org.mortbay.jetty.webapp.WebAppContext.doStart(WebAppContext.java:499)
	at org.mortbay.component.AbstractLifeCycle.start(AbstractLifeCycle.java:50)
	at org.mortbay.jetty.handler.HandlerCollection.doStart(HandlerCollection.java:152)
	at org.mortbay.component.AbstractLifeCycle.start(AbstractLifeCycle.java:50)
	at org.mortbay.jetty.handler.HandlerWrapper.doStart(HandlerWrapper.java:130)
	at org.mortbay.jetty.Server.doStart(Server.java:224)
	at org.mortbay.component.AbstractLifeCycle.start(AbstractLifeCycle.java:50)
	at com.binary.application.jetty.JettyServer.start(JettyServer.java:281)
	at com.binary.application.jetty.JettyMain.main(JettyMain.java:12)
	at com.aic.paas.wdev.test.TestWDevMain.main(TestWDevMain.java:11)
Caused by: org.springframework.beans.factory.BeanCreationException: Could not autowire field: com.aic.paas.wdev.peer.PcBuildTaskPeer com.aic.paas.wdev.mvc.PcBuildTaskMvc.buildTaskPeer; nested exception is org.springframework.beans.factory.BeanCreationException: Error creating bean with name 'com.aic.paas.wdev.peer.impl.PcBuildTaskPeerImpl#0': Injection of autowired dependencies failed; nested exception is org.springframework.beans.factory.BeanCreationException: Could not autowire field: com.aic.paas.wdev.rest.PcBuildTaskSvc com.aic.paas.wdev.peer.impl.PcBuildTaskPeerImpl.buildTaskSvc; nested exception is org.springframework.beans.factory.NoSuchBeanDefinitionException: No matching bean of type [com.aic.paas.wdev.rest.PcBuildTaskSvc] found for dependency: expected at least 1 bean which qualifies as autowire candidate for this dependency. Dependency annotations: {@org.springframework.beans.factory.annotation.Autowired(required=true)}
	at org.springframework.beans.factory.annotation.AutowiredAnnotationBeanPostProcessor$AutowiredFieldElement.inject(AutowiredAnnotationBeanPostProcessor.java:513)
	at org.springframework.beans.factory.annotation.InjectionMetadata.inject(InjectionMetadata.java:92)
	at org.springframework.beans.factory.annotation.AutowiredAnnotationBeanPostProcessor.postProcessPropertyValues(AutowiredAnnotationBeanPostProcessor.java:284)
	... 34 more
Caused by: org.springframework.beans.factory.BeanCreationException: Error creating bean with name 'com.aic.paas.wdev.peer.impl.PcBuildTaskPeerImpl#0': Injection of autowired dependencies failed; nested exception is org.springframework.beans.factory.BeanCreationException: Could not autowire field: com.aic.paas.wdev.rest.PcBuildTaskSvc com.aic.paas.wdev.peer.impl.PcBuildTaskPeerImpl.buildTaskSvc; nested exception is org.springframework.beans.factory.NoSuchBeanDefinitionException: No matching bean of type [com.aic.paas.wdev.rest.PcBuildTaskSvc] found for dependency: expected at least 1 bean which qualifies as autowire candidate for this dependency. Dependency annotations: {@org.springframework.beans.factory.annotation.Autowired(required=true)}
	at org.springframework.beans.factory.annotation.AutowiredAnnotationBeanPostProcessor.postProcessPropertyValues(AutowiredAnnotationBeanPostProcessor.java:287)
	at org.springframework.beans.factory.support.AbstractAutowireCapableBeanFactory.populateBean(AbstractAutowireCapableBeanFactory.java:1106)
	at org.springframework.beans.factory.support.AbstractAutowireCapableBeanFactory.doCreateBean(AbstractAutowireCapableBeanFactory.java:517)
	at org.springframework.beans.factory.support.AbstractAutowireCapableBeanFactory.createBean(AbstractAutowireCapableBeanFactory.java:456)
	at org.springframework.beans.factory.support.AbstractBeanFactory$1.getObject(AbstractBeanFactory.java:294)
	at org.springframework.beans.factory.support.DefaultSingletonBeanRegistry.getSingleton(DefaultSingletonBeanRegistry.java:225)
	at org.springframework.beans.factory.support.AbstractBeanFactory.doGetBean(AbstractBeanFactory.java:291)
	at org.springframework.beans.factory.support.AbstractBeanFactory.getBean(AbstractBeanFactory.java:193)
	at org.springframework.beans.factory.support.DefaultListableBeanFactory.findAutowireCandidates(DefaultListableBeanFactory.java:872)
	at org.springframework.beans.factory.support.DefaultListableBeanFactory.doResolveDependency(DefaultListableBeanFactory.java:814)
	at org.springframework.beans.factory.support.DefaultListableBeanFactory.resolveDependency(DefaultListableBeanFactory.java:731)
	at org.springframework.beans.factory.annotation.AutowiredAnnotationBeanPostProcessor$AutowiredFieldElement.inject(AutowiredAnnotationBeanPostProcessor.java:485)
	... 36 more
Caused by: org.springframework.beans.factory.BeanCreationException: Could not autowire field: com.aic.paas.wdev.rest.PcBuildTaskSvc com.aic.paas.wdev.peer.impl.PcBuildTaskPeerImpl.buildTaskSvc; nested exception is org.springframework.beans.factory.NoSuchBeanDefinitionException: No matching bean of type [com.aic.paas.wdev.rest.PcBuildTaskSvc] found for dependency: expected at least 1 bean which qualifies as autowire candidate for this dependency. Dependency annotations: {@org.springframework.beans.factory.annotation.Autowired(required=true)}
	at org.springframework.beans.factory.annotation.AutowiredAnnotationBeanPostProcessor$AutowiredFieldElement.inject(AutowiredAnnotationBeanPostProcessor.java:513)
	at org.springframework.beans.factory.annotation.InjectionMetadata.inject(InjectionMetadata.java:92)
	at org.springframework.beans.factory.annotation.AutowiredAnnotationBeanPostProcessor.postProcessPropertyValues(AutowiredAnnotationBeanPostProcessor.java:284)
	... 47 more
Caused by: org.springframework.beans.factory.NoSuchBeanDefinitionException: No matching bean of type [com.aic.paas.wdev.rest.PcBuildTaskSvc] found for dependency: expected at least 1 bean which qualifies as autowire candidate for this dependency. Dependency annotations: {@org.springframework.beans.factory.annotation.Autowired(required=true)}
	at org.springframework.beans.factory.support.DefaultListableBeanFactory.raiseNoSuchBeanDefinitionException(DefaultListableBeanFactory.java:948)
	at org.springframework.beans.factory.support.DefaultListableBeanFactory.doResolveDependency(DefaultListableBeanFactory.java:817)
	at org.springframework.beans.factory.support.DefaultListableBeanFactory.resolveDependency(DefaultListableBeanFactory.java:731)
	at org.springframework.beans.factory.annotation.AutowiredAnnotationBeanPostProcessor$AutowiredFieldElement.inject(AutowiredAnnotationBeanPostProcessor.java:485)
	... 49 more
2016-03-11 17:19:04  [ main:1131 ] - [ INFO ]  Started SelectChannelConnector@0.0.0.0:16203
2016-03-11 17:19:04  [ main:1131 ] - [ INFO ]  start server successful.
